app/build/intermediates/manifest_merge_blame_file/release/manifest-merger-blame-release-report.txt
1<?xml version="1.0" encoding="utf-8"?>
2<manifest xmlns:android="http://schemas.android.com/apk/res/android"
3    package="com.bytetrack"
4    android:versionCode="1"
5    android:versionName="1.0" >
6
7    <uses-sdk
8        android:minSdkVersion="26"
9        android:targetSdkVersion="34" />
10
11    <uses-feature
11-->src\main\AndroidManifest.xml:5:5-7:36
12        android:name="android.hardware.camera"
12-->src\main\AndroidManifest.xml:6:9-47
13        android:required="false" />
13-->src\main\AndroidManifest.xml:7:9-33
14
15    <uses-permission android:name="android.permission.INTERNET" />
15-->src\main\AndroidManifest.xml:9:5-67
15-->src\main\AndroidManifest.xml:9:22-64
16    <uses-permission android:name="android.permission.CAMERA" />
16-->src\main\AndroidManifest.xml:10:5-65
16-->src\main\AndroidManifest.xml:10:22-62
17    <uses-permission android:name="android.permission.ACCESS_NETWORK_STATE" />
17-->src\main\AndroidManifest.xml:11:5-79
17-->src\main\AndroidManifest.xml:11:22-76
18    <uses-permission android:name="android.permission.ACTIVITY_RECOGNITION" />
18-->src\main\AndroidManifest.xml:12:5-79
18-->src\main\AndroidManifest.xml:12:22-76
19
20    <permission
20-->[androidx.core:core:1.12.0] AndroidManifest.xml:22:5-24:47
21        android:name="com.bytetrack.DYNAMIC_RECEIVER_NOT_EXPORTED_PERMISSION"
21-->[androidx.core:core:1.12.0] AndroidManifest.xml:23:9-81
22        android:protectionLevel="signature" />
22-->[androidx.core:core:1.12.0] AndroidManifest.xml:24:9-44
23
24    <uses-permission android:name="com.bytetrack.DYNAMIC_RECEIVER_NOT_EXPORTED_PERMISSION" />
24-->[androidx.core:core:1.12.0] AndroidManifest.xml:26:5-97
24-->[androidx.core:core:1.12.0] AndroidManifest.xml:26:22-94
25
26    <application
26-->src\main\AndroidManifest.xml:14:5-45:19
27        android:name="com.bytetrack.ByteTrackApplication"
27-->src\main\AndroidManifest.xml:15:9-45
28        android:allowBackup="true"
28-->src\main\AndroidManifest.xml:16:9-35
29        android:appComponentFactory="androidx.core.app.CoreComponentFactory"
29-->[androidx.core:core:1.12.0] AndroidManifest.xml:28:18-86
30        android:dataExtractionRules="@xml/data_extraction_rules"
30-->src\main\AndroidManifest.xml:17:9-65
31        android:extractNativeLibs="false"
32        android:fullBackupContent="@xml/backup_rules"
32-->src\main\AndroidManifest.xml:18:9-54
33        android:icon="@drawable/ic_launcher"
33-->src\main\AndroidManifest.xml:19:9-45
34        android:label="@string/app_name"
34-->src\main\AndroidManifest.xml:20:9-41
35        android:roundIcon="@drawable/ic_launcher"
35-->src\main\AndroidManifest.xml:21:9-50
36        android:supportsRtl="true"
36-->src\main\AndroidManifest.xml:22:9-35
37        android:theme="@style/Theme.ByteTrack" >
37-->src\main\AndroidManifest.xml:23:9-47
38        <activity
38-->src\main\AndroidManifest.xml:26:9-33:20
39            android:name="com.bytetrack.ui.MainActivity"
39-->src\main\AndroidManifest.xml:27:13-44
40            android:exported="true" >
40-->src\main\AndroidManifest.xml:28:13-36
41            <intent-filter>
41-->src\main\AndroidManifest.xml:29:13-32:29
42                <action android:name="android.intent.action.MAIN" />
42-->src\main\AndroidManifest.xml:30:17-69
42-->src\main\AndroidManifest.xml:30:25-66
43
44                <category android:name="android.intent.category.LAUNCHER" />
44-->src\main\AndroidManifest.xml:31:17-77
44-->src\main\AndroidManifest.xml:31:27-74
45            </intent-filter>
46        </activity>
47        <activity
47-->src\main\AndroidManifest.xml:35:9-38:65
48            android:name="com.bytetrack.ui.BarcodeScannerActivity"
48-->src\main\AndroidManifest.xml:36:13-54
49            android:screenOrientation="portrait"
49-->src\main\AndroidManifest.xml:37:13-49
50            android:theme="@style/Theme.ByteTrack.Fullscreen" />
50-->src\main\AndroidManifest.xml:38:13-62
51        <activity
51-->src\main\AndroidManifest.xml:40:9-43:61
52            android:name="com.bytetrack.ui.FoodDetailsActivity"
52-->src\main\AndroidManifest.xml:41:13-51
53            android:label="Food Details"
53-->src\main\AndroidManifest.xml:42:13-41
54            android:parentActivityName="com.bytetrack.ui.MainActivity" />
54-->src\main\AndroidManifest.xml:43:13-58
55
56        <!--
57        Service for holding metadata. Cannot be instantiated.
58        Metadata will be merged from other manifests.
59        -->
60        <service
60-->[androidx.camera:camera-core:1.3.1] AndroidManifest.xml:29:9-33:78
61            android:name="androidx.camera.core.impl.MetadataHolderService"
61-->[androidx.camera:camera-core:1.3.1] AndroidManifest.xml:30:13-75
62            android:enabled="false"
62-->[androidx.camera:camera-core:1.3.1] AndroidManifest.xml:31:13-36
63            android:exported="false" >
63-->[androidx.camera:camera-core:1.3.1] AndroidManifest.xml:32:13-37
64            <meta-data
64-->[androidx.camera:camera-camera2:1.3.1] AndroidManifest.xml:30:13-32:89
65                android:name="androidx.camera.core.impl.MetadataHolderService.DEFAULT_CONFIG_PROVIDER"
65-->[androidx.camera:camera-camera2:1.3.1] AndroidManifest.xml:31:17-103
66                android:value="androidx.camera.camera2.Camera2Config$DefaultProvider" />
66-->[androidx.camera:camera-camera2:1.3.1] AndroidManifest.xml:32:17-86
67        </service>
68
69        <activity
69-->[com.google.android.gms:play-services-auth:20.7.0] AndroidManifest.xml:23:9-27:75
70            android:name="com.google.android.gms.auth.api.signin.internal.SignInHubActivity"
70-->[com.google.android.gms:play-services-auth:20.7.0] AndroidManifest.xml:24:13-93
71            android:excludeFromRecents="true"
71-->[com.google.android.gms:play-services-auth:20.7.0] AndroidManifest.xml:25:13-46
72            android:exported="false"
72-->[com.google.android.gms:play-services-auth:20.7.0] AndroidManifest.xml:26:13-37
73            android:theme="@android:style/Theme.Translucent.NoTitleBar" />
73-->[com.google.android.gms:play-services-auth:20.7.0] AndroidManifest.xml:27:13-72
74        <!--
75            Service handling Google Sign-In user revocation. For apps that do not integrate with
76            Google Sign-In, this service will never be started.
77        -->
78        <service
78-->[com.google.android.gms:play-services-auth:20.7.0] AndroidManifest.xml:33:9-37:51
79            android:name="com.google.android.gms.auth.api.signin.RevocationBoundService"
79-->[com.google.android.gms:play-services-auth:20.7.0] AndroidManifest.xml:34:13-89
80            android:exported="true"
80-->[com.google.android.gms:play-services-auth:20.7.0] AndroidManifest.xml:35:13-36
81            android:permission="com.google.android.gms.auth.api.signin.permission.REVOCATION_NOTIFICATION"
81-->[com.google.android.gms:play-services-auth:20.7.0] AndroidManifest.xml:36:13-107
82            android:visibleToInstantApps="true" />
82-->[com.google.android.gms:play-services-auth:20.7.0] AndroidManifest.xml:37:13-48
83
84        <meta-data
84-->[com.google.android.gms:play-services-fitness:21.1.0] AndroidManifest.xml:23:9-25:38
85            android:name="com.google.gms.fitness.sdk.version"
85-->[com.google.android.gms:play-services-fitness:21.1.0] AndroidManifest.xml:24:13-62
86            android:value="21.1.0" />
86-->[com.google.android.gms:play-services-fitness:21.1.0] AndroidManifest.xml:25:13-35
87
88        <service
88-->[com.google.android.gms:play-services-mlkit-barcode-scanning:18.3.0] AndroidManifest.xml:9:9-15:19
89            android:name="com.google.mlkit.common.internal.MlKitComponentDiscoveryService"
89-->[com.google.android.gms:play-services-mlkit-barcode-scanning:18.3.0] AndroidManifest.xml:10:13-91
90            android:directBootAware="true"
90-->[com.google.mlkit:common:18.9.0] AndroidManifest.xml:17:13-43
91            android:exported="false" >
91-->[com.google.android.gms:play-services-mlkit-barcode-scanning:18.3.0] AndroidManifest.xml:11:13-37
92            <meta-data
92-->[com.google.android.gms:play-services-mlkit-barcode-scanning:18.3.0] AndroidManifest.xml:12:13-14:85
93                android:name="com.google.firebase.components:com.google.mlkit.vision.barcode.internal.BarcodeRegistrar"
93-->[com.google.android.gms:play-services-mlkit-barcode-scanning:18.3.0] AndroidManifest.xml:13:17-120
94                android:value="com.google.firebase.components.ComponentRegistrar" />
94-->[com.google.android.gms:play-services-mlkit-barcode-scanning:18.3.0] AndroidManifest.xml:14:17-82
95            <meta-data
95-->[com.google.mlkit:vision-common:17.3.0] AndroidManifest.xml:12:13-14:85
96                android:name="com.google.firebase.components:com.google.mlkit.vision.common.internal.VisionCommonRegistrar"
96-->[com.google.mlkit:vision-common:17.3.0] AndroidManifest.xml:13:17-124
97                android:value="com.google.firebase.components.ComponentRegistrar" />
97-->[com.google.mlkit:vision-common:17.3.0] AndroidManifest.xml:14:17-82
98            <meta-data
98-->[com.google.mlkit:common:18.9.0] AndroidManifest.xml:20:13-22:85
99                android:name="com.google.firebase.components:com.google.mlkit.common.internal.CommonComponentRegistrar"
99-->[com.google.mlkit:common:18.9.0] AndroidManifest.xml:21:17-120
100                android:value="com.google.firebase.components.ComponentRegistrar" />
100-->[com.google.mlkit:common:18.9.0] AndroidManifest.xml:22:17-82
101        </service>
102
103        <provider
103-->[com.google.mlkit:common:18.9.0] AndroidManifest.xml:9:9-13:38
104            android:name="com.google.mlkit.common.internal.MlKitInitProvider"
104-->[com.google.mlkit:common:18.9.0] AndroidManifest.xml:10:13-78
105            android:authorities="com.bytetrack.mlkitinitprovider"
105-->[com.google.mlkit:common:18.9.0] AndroidManifest.xml:11:13-69
106            android:exported="false"
106-->[com.google.mlkit:common:18.9.0] AndroidManifest.xml:12:13-37
107            android:initOrder="99" />
107-->[com.google.mlkit:common:18.9.0] AndroidManifest.xml:13:13-35
108
109        <activity
109-->[com.google.android.gms:play-services-base:18.1.0] AndroidManifest.xml:20:9-22:45
110            android:name="com.google.android.gms.common.api.GoogleApiActivity"
110-->[com.google.android.gms:play-services-base:18.1.0] AndroidManifest.xml:20:19-85
111            android:exported="false"
111-->[com.google.android.gms:play-services-base:18.1.0] AndroidManifest.xml:22:19-43
112            android:theme="@android:style/Theme.Translucent.NoTitleBar" />
112-->[com.google.android.gms:play-services-base:18.1.0] AndroidManifest.xml:21:19-78
113
114        <meta-data
114-->[com.google.android.gms:play-services-basement:18.2.0] AndroidManifest.xml:21:9-23:69
115            android:name="com.google.android.gms.version"
115-->[com.google.android.gms:play-services-basement:18.2.0] AndroidManifest.xml:22:13-58
116            android:value="@integer/google_play_services_version" />
116-->[com.google.android.gms:play-services-basement:18.2.0] AndroidManifest.xml:23:13-66
117
118        <activity
118-->[androidx.compose.ui:ui-tooling-android:1.5.4] AndroidManifest.xml:23:9-25:39
119            android:name="androidx.compose.ui.tooling.PreviewActivity"
119-->[androidx.compose.ui:ui-tooling-android:1.5.4] AndroidManifest.xml:24:13-71
120            android:exported="true" />
120-->[androidx.compose.ui:ui-tooling-android:1.5.4] AndroidManifest.xml:25:13-36
121
122        <provider
122-->[androidx.emoji2:emoji2:1.4.0] AndroidManifest.xml:24:9-32:20
123            android:name="androidx.startup.InitializationProvider"
123-->[androidx.emoji2:emoji2:1.4.0] AndroidManifest.xml:25:13-67
124            android:authorities="com.bytetrack.androidx-startup"
124-->[androidx.emoji2:emoji2:1.4.0] AndroidManifest.xml:26:13-68
125            android:exported="false" >
125-->[androidx.emoji2:emoji2:1.4.0] AndroidManifest.xml:27:13-37
126            <meta-data
126-->[androidx.emoji2:emoji2:1.4.0] AndroidManifest.xml:29:13-31:52
127                android:name="androidx.emoji2.text.EmojiCompatInitializer"
127-->[androidx.emoji2:emoji2:1.4.0] AndroidManifest.xml:30:17-75
128                android:value="androidx.startup" />
128-->[androidx.emoji2:emoji2:1.4.0] AndroidManifest.xml:31:17-49
129            <meta-data
129-->[androidx.lifecycle:lifecycle-process:2.6.2] AndroidManifest.xml:29:13-31:52
130                android:name="androidx.lifecycle.ProcessLifecycleInitializer"
130-->[androidx.lifecycle:lifecycle-process:2.6.2] AndroidManifest.xml:30:17-78
131                android:value="androidx.startup" />
131-->[androidx.lifecycle:lifecycle-process:2.6.2] AndroidManifest.xml:31:17-49
132            <meta-data
132-->[androidx.profileinstaller:profileinstaller:1.3.1] AndroidManifest.xml:29:13-31:52
133                android:name="androidx.profileinstaller.ProfileInstallerInitializer"
133-->[androidx.profileinstaller:profileinstaller:1.3.1] AndroidManifest.xml:30:17-85
134                android:value="androidx.startup" />
134-->[androidx.profileinstaller:profileinstaller:1.3.1] AndroidManifest.xml:31:17-49
135        </provider>
136
137        <uses-library
137-->[androidx.window:window:1.0.0] AndroidManifest.xml:25:9-27:40
138            android:name="androidx.window.extensions"
138-->[androidx.window:window:1.0.0] AndroidManifest.xml:26:13-54
139            android:required="false" />
139-->[androidx.window:window:1.0.0] AndroidManifest.xml:27:13-37
140        <uses-library
140-->[androidx.window:window:1.0.0] AndroidManifest.xml:28:9-30:40
141            android:name="androidx.window.sidecar"
141-->[androidx.window:window:1.0.0] AndroidManifest.xml:29:13-51
142            android:required="false" />
142-->[androidx.window:window:1.0.0] AndroidManifest.xml:30:13-37
143
144        <service
144-->[androidx.room:room-runtime:2.6.1] AndroidManifest.xml:24:9-28:63
145            android:name="androidx.room.MultiInstanceInvalidationService"
145-->[androidx.room:room-runtime:2.6.1] AndroidManifest.xml:25:13-74
146            android:directBootAware="true"
146-->[androidx.room:room-runtime:2.6.1] AndroidManifest.xml:26:13-43
147            android:exported="false" />
147-->[androidx.room:room-runtime:2.6.1] AndroidManifest.xml:27:13-37
148
149        <receiver
149-->[androidx.profileinstaller:profileinstaller:1.3.1] AndroidManifest.xml:34:9-52:20
150            android:name="androidx.profileinstaller.ProfileInstallReceiver"
150-->[androidx.profileinstaller:profileinstaller:1.3.1] AndroidManifest.xml:35:13-76
151            android:directBootAware="false"
151-->[androidx.profileinstaller:profileinstaller:1.3.1] AndroidManifest.xml:36:13-44
152            android:enabled="true"
152-->[androidx.profileinstaller:profileinstaller:1.3.1] AndroidManifest.xml:37:13-35
153            android:exported="true"
153-->[androidx.profileinstaller:profileinstaller:1.3.1] AndroidManifest.xml:38:13-36
154            android:permission="android.permission.DUMP" >
154-->[androidx.profileinstaller:profileinstaller:1.3.1] AndroidManifest.xml:39:13-57
155            <intent-filter>
155-->[androidx.profileinstaller:profileinstaller:1.3.1] AndroidManifest.xml:40:13-42:29
156                <action android:name="androidx.profileinstaller.action.INSTALL_PROFILE" />
156-->[androidx.profileinstaller:profileinstaller:1.3.1] AndroidManifest.xml:41:17-91
156-->[androidx.profileinstaller:profileinstaller:1.3.1] AndroidManifest.xml:41:25-88
157            </intent-filter>
158            <intent-filter>
158-->[androidx.profileinstaller:profileinstaller:1.3.1] AndroidManifest.xml:43:13-45:29
159                <action android:name="androidx.profileinstaller.action.SKIP_FILE" />
159-->[androidx.profileinstaller:profileinstaller:1.3.1] AndroidManifest.xml:44:17-85
159-->[androidx.profileinstaller:profileinstaller:1.3.1] AndroidManifest.xml:44:25-82
160            </intent-filter>
161            <intent-filter>
161-->[androidx.profileinstaller:profileinstaller:1.3.1] AndroidManifest.xml:46:13-48:29
162                <action android:name="androidx.profileinstaller.action.SAVE_PROFILE" />
162-->[androidx.profileinstaller:profileinstaller:1.3.1] AndroidManifest.xml:47:17-88
162-->[androidx.profileinstaller:profileinstaller:1.3.1] AndroidManifest.xml:47:25-85
163            </intent-filter>
164            <intent-filter>
164-->[androidx.profileinstaller:profileinstaller:1.3.1] AndroidManifest.xml:49:13-51:29
165                <action android:name="androidx.profileinstaller.action.BENCHMARK_OPERATION" />
165-->[androidx.profileinstaller:profileinstaller:1.3.1] AndroidManifest.xml:50:17-95
165-->[androidx.profileinstaller:profileinstaller:1.3.1] AndroidManifest.xml:50:25-92
166            </intent-filter>
167        </receiver>
168
169        <service
169-->[com.google.android.datatransport:transport-backend-cct:2.3.3] AndroidManifest.xml:29:9-35:19
170            android:name="com.google.android.datatransport.runtime.backends.TransportBackendDiscovery"
170-->[com.google.android.datatransport:transport-backend-cct:2.3.3] AndroidManifest.xml:30:13-103
171            android:exported="false" >
171-->[com.google.android.datatransport:transport-backend-cct:2.3.3] AndroidManifest.xml:31:13-37
172            <meta-data
172-->[com.google.android.datatransport:transport-backend-cct:2.3.3] AndroidManifest.xml:32:13-34:39
173                android:name="backend:com.google.android.datatransport.cct.CctBackendFactory"
173-->[com.google.android.datatransport:transport-backend-cct:2.3.3] AndroidManifest.xml:33:17-94
174                android:value="cct" />
174-->[com.google.android.datatransport:transport-backend-cct:2.3.3] AndroidManifest.xml:34:17-36
175        </service>
176        <service
176-->[com.google.android.datatransport:transport-runtime:2.2.6] AndroidManifest.xml:26:9-30:19
177            android:name="com.google.android.datatransport.runtime.scheduling.jobscheduling.JobInfoSchedulerService"
177-->[com.google.android.datatransport:transport-runtime:2.2.6] AndroidManifest.xml:27:13-117
178            android:exported="false"
178-->[com.google.android.datatransport:transport-runtime:2.2.6] AndroidManifest.xml:28:13-37
179            android:permission="android.permission.BIND_JOB_SERVICE" >
179-->[com.google.android.datatransport:transport-runtime:2.2.6] AndroidManifest.xml:29:13-69
180        </service>
181
182        <receiver
182-->[com.google.android.datatransport:transport-runtime:2.2.6] AndroidManifest.xml:32:9-34:40
183            android:name="com.google.android.datatransport.runtime.scheduling.jobscheduling.AlarmManagerSchedulerBroadcastReceiver"
183-->[com.google.android.datatransport:transport-runtime:2.2.6] AndroidManifest.xml:33:13-132
184            android:exported="false" />
184-->[com.google.android.datatransport:transport-runtime:2.2.6] AndroidManifest.xml:34:13-37
185    </application>
186
187</manifest>